<?xml version="1.0" encoding="UTF-8" ?>
<testsuite errors="0" failures="0" hostname="dyn-217-132.wireless.concordia.ca" name="soen6441.kingdoms.coreTests.BoardTest" tests="3" time="0.067" timestamp="2013-02-15T02:33:46">
  <properties>
[...]
</properties>
  <testcase classname="soen6441.kingdoms.coreTests.BoardTest" name="testSetPlaceableTile" time="0.0050" />
  <testcase classname="soen6441.kingdoms.coreTests.BoardTest" name="testSetPlaceableCastle" time="0.0" />
  <testcase classname="soen6441.kingdoms.coreTests.BoardTest" name="testSetPlaceableTileandCastle" time="0.0010" />
  <system-out><![CDATA[testing placing tile at particular slot
testing placing castle at particular slot
testing placing castle at already filled slot 
You cannot place here.
testing placing tile at already filled slot 
You cannot place here.
]]></system-out>
  <system-err><![CDATA[]]></system-err>
</testsuite>
